<?xml version="1.0" encoding="UTF-8"?>
<!-- Generated by org.testng.reporters.JUnitReportReporter -->
<testsuite hostname="SD" failures="0" tests="1" name="com.qa.testcases.FormPageTests" time="6.767" errors="0" timestamp="2024-02-05T12:49:14 PST" skipped="0">
  <testcase classname="com.qa.testcases.FormPageTests" name="fillForm" time="6.767"/>
  <system-out/>
</testsuite> <!-- com.qa.testcases.FormPageTests -->
