<?xml version="1.0" encoding="UTF-8"?>
<!-- Generated by org.testng.reporters.JUnitReportReporter -->
<testsuite hostname="SD" failures="0" tests="1" name="com.qa.testcases.CartTests" time="17.351" errors="0" timestamp="2024-02-05T12:57:03 PST" skipped="0">
  <testcase classname="com.qa.testcases.CartTests" name="verifyTheCartPage" time="17.351"/>
  <system-out/>
</testsuite> <!-- com.qa.testcases.CartTests -->
