<?xml version="1.0" encoding="UTF-8"?>
<!-- Generated by org.testng.reporters.JUnitReportReporter -->
<testsuite hostname="SD" failures="0" tests="1" name="com.qa.testcases.ProductCatalogueTests" time="15.787" errors="0" timestamp="2024-02-05T12:38:31 PST" skipped="0">
  <testcase classname="com.qa.testcases.ProductCatalogueTests" name="verifyProductCatalogue" time="15.787"/>
  <system-out/>
</testsuite> <!-- com.qa.testcases.ProductCatalogueTests -->
