<?xml version="1.0" encoding="UTF-8"?>
<!-- Generated by org.testng.reporters.JUnitReportReporter -->
<testsuite hostname="SD" failures="0" tests="1" name="com.qa.testcases.VerifyFormPage" time="17.677" errors="0" timestamp="2024-02-05T12:13:30 PST" skipped="0">
  <testcase classname="com.qa.testcases.VerifyFormPage" name="fillForm" time="17.677"/>
  <system-out/>
</testsuite> <!-- com.qa.testcases.VerifyFormPage -->
